
*** Running vivado
    with args -log align_mul.vds -m64 -product Vivado -mode batch -messageDb vivado.pb -notrace -source align_mul.tcl


****** Vivado v2024.2 (64-bit)
  **** SW Build 5239630 on Fri Nov 08 22:34:34 MST 2024
  **** IP Build 5239520 on Sun Nov 10 16:12:51 MST 2024
  **** SharedData Build 5239561 on Fri Nov 08 14:39:27 MST 2024
  **** Start of session at: Wed Oct 29 16:25:18 2025
    ** Copyright 1986-2022 Xilinx, Inc. All Rights Reserved.
    ** Copyright 2022-2024 Advanced Micro Devices, Inc. All Rights Reserved.

source align_mul.tcl -notrace
INFO: [IP_Flow 19-6924] IPCACHE: Running cache check for IP inst: align_mul
Command: synth_design -top align_mul -part xc7z010iclg225-1L -incremental_mode off -mode out_of_context
Starting synth_design
Attempting to get a license for feature 'Synthesis' and/or device 'xc7z010i'
INFO: [Common 17-349] Got license for feature 'Synthesis' and/or device 'xc7z010i'
INFO: [Device 21-403] Loading part xc7z010iclg225-1L
INFO: [Synth 8-7079] Multithreading enabled for synth_design using a maximum of 7 processes.
INFO: [Synth 8-7078] Launching helper process for spawning children vivado processes
INFO: [Synth 8-7075] Helper process launched with PID 24478
---------------------------------------------------------------------------------
Starting RTL Elaboration : Time (s): cpu = 00:00:02 ; elapsed = 00:00:02 . Memory (MB): peak = 1902.812 ; gain = 419.766 ; free physical = 1530 ; free virtual = 6885
---------------------------------------------------------------------------------
INFO: [Synth 8-638] synthesizing module 'align_mul' [/home/alhua/VivadoProject/Laynernorm/Laynernorm.gen/sources_1/ip/align_mul/synth/align_mul.vhd:68]
	Parameter C_XDEVICEFAMILY bound to: zynq - type: string 
	Parameter C_VERBOSITY bound to: 0 - type: integer 
	Parameter C_WIDTH bound to: 128 - type: integer 
	Parameter C_DEPTH bound to: 9 - type: integer 
	Parameter C_ADDR_WIDTH bound to: 4 - type: integer 
	Parameter C_SHIFT_TYPE bound to: 0 - type: integer 
	Parameter C_OPT_GOAL bound to: 0 - type: integer 
	Parameter C_AINIT_VAL bound to: 00000000000000000000000000000000000000000000000000000000000000000000000000000000000000000000000000000000000000000000000000000000 - type: string 
	Parameter C_SINIT_VAL bound to: 00000000000000000000000000000000000000000000000000000000000000000000000000000000000000000000000000000000000000000000000000000000 - type: string 
	Parameter C_DEFAULT_DATA bound to: 00000000000000000000000000000000000000000000000000000000000000000000000000000000000000000000000000000000000000000000000000000000 - type: string 
	Parameter C_HAS_A bound to: 0 - type: integer 
	Parameter C_HAS_CE bound to: 1 - type: integer 
	Parameter C_REG_LAST_BIT bound to: 1 - type: integer 
	Parameter C_SYNC_PRIORITY bound to: 1 - type: integer 
	Parameter C_SYNC_ENABLE bound to: 0 - type: integer 
	Parameter C_HAS_SCLR bound to: 0 - type: integer 
	Parameter C_HAS_SSET bound to: 0 - type: integer 
	Parameter C_HAS_SINIT bound to: 0 - type: integer 
	Parameter C_MEM_INIT_FILE bound to: no_coe_file_loaded - type: string 
	Parameter C_ELABORATION_DIR bound to: ./ - type: string 
	Parameter C_READ_MIF bound to: 0 - type: integer 
	Parameter C_PARSER_TYPE bound to: 0 - type: integer 
INFO: [Synth 8-3491] module 'c_shift_ram_v12_0_18' declared at '/home/alhua/VivadoProject/Laynernorm/Laynernorm.gen/sources_1/ip/align_mul/hdl/c_shift_ram_v12_0_vh_rfs.vhd:2634' bound to instance 'U0' of component 'c_shift_ram_v12_0_18' [/home/alhua/VivadoProject/Laynernorm/Laynernorm.gen/sources_1/ip/align_mul/synth/align_mul.vhd:130]
INFO: [Synth 8-256] done synthesizing module 'align_mul' (0#1) [/home/alhua/VivadoProject/Laynernorm/Laynernorm.gen/sources_1/ip/align_mul/synth/align_mul.vhd:68]
WARNING: [Synth 8-7129] Port a[3] in module c_shift_ram_v12_0_18_legacy is either unconnected or has no load
WARNING: [Synth 8-7129] Port a[2] in module c_shift_ram_v12_0_18_legacy is either unconnected or has no load
WARNING: [Synth 8-7129] Port a[1] in module c_shift_ram_v12_0_18_legacy is either unconnected or has no load
WARNING: [Synth 8-7129] Port a[0] in module c_shift_ram_v12_0_18_legacy is either unconnected or has no load
WARNING: [Synth 8-7129] Port aclr in module c_shift_ram_v12_0_18_legacy is either unconnected or has no load
WARNING: [Synth 8-7129] Port aset in module c_shift_ram_v12_0_18_legacy is either unconnected or has no load
WARNING: [Synth 8-7129] Port ainit in module c_shift_ram_v12_0_18_legacy is either unconnected or has no load
WARNING: [Synth 8-7129] Port sclr in module c_shift_ram_v12_0_18_legacy is either unconnected or has no load
WARNING: [Synth 8-7129] Port sset in module c_shift_ram_v12_0_18_legacy is either unconnected or has no load
WARNING: [Synth 8-7129] Port sinit in module c_shift_ram_v12_0_18_legacy is either unconnected or has no load
---------------------------------------------------------------------------------
Finished RTL Elaboration : Time (s): cpu = 00:00:03 ; elapsed = 00:00:03 . Memory (MB): peak = 1994.750 ; gain = 511.703 ; free physical = 1440 ; free virtual = 6795
---------------------------------------------------------------------------------
---------------------------------------------------------------------------------
Start Handling Custom Attributes
---------------------------------------------------------------------------------
---------------------------------------------------------------------------------
Finished Handling Custom Attributes : Time (s): cpu = 00:00:03 ; elapsed = 00:00:03 . Memory (MB): peak = 2012.562 ; gain = 529.516 ; free physical = 1439 ; free virtual = 6794
---------------------------------------------------------------------------------
---------------------------------------------------------------------------------
Finished RTL Optimization Phase 1 : Time (s): cpu = 00:00:03 ; elapsed = 00:00:03 . Memory (MB): peak = 2012.562 ; gain = 529.516 ; free physical = 1439 ; free virtual = 6794
---------------------------------------------------------------------------------
Netlist sorting complete. Time (s): cpu = 00:00:00 ; elapsed = 00:00:00 . Memory (MB): peak = 2012.562 ; gain = 0.000 ; free physical = 1439 ; free virtual = 6794
INFO: [Project 1-570] Preparing netlist for logic optimization

Processing XDC Constraints
Initializing timing engine
Parsing XDC File [/home/alhua/VivadoProject/Laynernorm/Laynernorm.gen/sources_1/ip/align_mul/align_mul_ooc.xdc] for cell 'U0'
Finished Parsing XDC File [/home/alhua/VivadoProject/Laynernorm/Laynernorm.gen/sources_1/ip/align_mul/align_mul_ooc.xdc] for cell 'U0'
Parsing XDC File [/home/alhua/VivadoProject/Laynernorm/Laynernorm.runs/align_mul_synth_1/dont_touch.xdc]
Finished Parsing XDC File [/home/alhua/VivadoProject/Laynernorm/Laynernorm.runs/align_mul_synth_1/dont_touch.xdc]
Completed Processing XDC Constraints

Netlist sorting complete. Time (s): cpu = 00:00:00 ; elapsed = 00:00:00 . Memory (MB): peak = 2166.312 ; gain = 0.000 ; free physical = 1432 ; free virtual = 6812
INFO: [Project 1-111] Unisim Transformation Summary:
No Unisim elements were transformed.

Constraint Validation Runtime : Time (s): cpu = 00:00:00.03 ; elapsed = 00:00:00.02 . Memory (MB): peak = 2166.312 ; gain = 0.000 ; free physical = 1430 ; free virtual = 6811
INFO: [Designutils 20-5008] Incremental synthesis strategy off
---------------------------------------------------------------------------------
Finished Constraint Validation : Time (s): cpu = 00:00:06 ; elapsed = 00:00:06 . Memory (MB): peak = 2166.312 ; gain = 683.266 ; free physical = 1484 ; free virtual = 6839
---------------------------------------------------------------------------------
---------------------------------------------------------------------------------
Start Loading Part and Timing Information
---------------------------------------------------------------------------------
Loading part: xc7z010iclg225-1L
---------------------------------------------------------------------------------
Finished Loading Part and Timing Information : Time (s): cpu = 00:00:06 ; elapsed = 00:00:06 . Memory (MB): peak = 2174.316 ; gain = 691.270 ; free physical = 1484 ; free virtual = 6839
---------------------------------------------------------------------------------
---------------------------------------------------------------------------------
Start Applying 'set_property' XDC Constraints
---------------------------------------------------------------------------------
Applied set_property KEEP_HIERARCHY = SOFT for U0. (constraint file  /home/alhua/VivadoProject/Laynernorm/Laynernorm.runs/align_mul_synth_1/dont_touch.xdc, line 9).
---------------------------------------------------------------------------------
Finished applying 'set_property' XDC Constraints : Time (s): cpu = 00:00:06 ; elapsed = 00:00:06 . Memory (MB): peak = 2174.316 ; gain = 691.270 ; free physical = 1477 ; free virtual = 6831
---------------------------------------------------------------------------------
---------------------------------------------------------------------------------
Finished RTL Optimization Phase 2 : Time (s): cpu = 00:00:06 ; elapsed = 00:00:06 . Memory (MB): peak = 2174.316 ; gain = 691.270 ; free physical = 1428 ; free virtual = 6784
---------------------------------------------------------------------------------
---------------------------------------------------------------------------------
Start RTL Component Statistics 
---------------------------------------------------------------------------------
---------------------------------------------------------------------------------
Finished RTL Component Statistics 
---------------------------------------------------------------------------------
---------------------------------------------------------------------------------
Start Part Resource Summary
---------------------------------------------------------------------------------
Part Resources:
DSPs: 80 (col length:40)
BRAMs: 120 (col length: RAMB18 40 RAMB36 20)
---------------------------------------------------------------------------------
Finished Part Resource Summary
---------------------------------------------------------------------------------
---------------------------------------------------------------------------------
Start Cross Boundary and Area Optimization
---------------------------------------------------------------------------------
WARNING: [Synth 8-7080] Parallel synthesis criteria is not met
WARNING: [Synth 8-7129] Port a[3] in module c_shift_ram_v12_0_18_legacy is either unconnected or has no load
WARNING: [Synth 8-7129] Port a[2] in module c_shift_ram_v12_0_18_legacy is either unconnected or has no load
WARNING: [Synth 8-7129] Port a[1] in module c_shift_ram_v12_0_18_legacy is either unconnected or has no load
WARNING: [Synth 8-7129] Port a[0] in module c_shift_ram_v12_0_18_legacy is either unconnected or has no load
WARNING: [Synth 8-7129] Port aclr in module c_shift_ram_v12_0_18_legacy is either unconnected or has no load
WARNING: [Synth 8-7129] Port aset in module c_shift_ram_v12_0_18_legacy is either unconnected or has no load
WARNING: [Synth 8-7129] Port ainit in module c_shift_ram_v12_0_18_legacy is either unconnected or has no load
WARNING: [Synth 8-7129] Port sclr in module c_shift_ram_v12_0_18_legacy is either unconnected or has no load
WARNING: [Synth 8-7129] Port sset in module c_shift_ram_v12_0_18_legacy is either unconnected or has no load
WARNING: [Synth 8-7129] Port sinit in module c_shift_ram_v12_0_18_legacy is either unconnected or has no load
---------------------------------------------------------------------------------
Finished Cross Boundary and Area Optimization : Time (s): cpu = 00:00:07 ; elapsed = 00:00:07 . Memory (MB): peak = 2174.316 ; gain = 691.270 ; free physical = 1340 ; free virtual = 6696
---------------------------------------------------------------------------------
---------------------------------------------------------------------------------
Start Applying XDC Timing Constraints
---------------------------------------------------------------------------------
---------------------------------------------------------------------------------
Finished Applying XDC Timing Constraints : Time (s): cpu = 00:00:09 ; elapsed = 00:00:10 . Memory (MB): peak = 2174.316 ; gain = 691.270 ; free physical = 805 ; free virtual = 6167
---------------------------------------------------------------------------------
---------------------------------------------------------------------------------
Start Timing Optimization
---------------------------------------------------------------------------------
---------------------------------------------------------------------------------
Finished Timing Optimization : Time (s): cpu = 00:00:10 ; elapsed = 00:00:10 . Memory (MB): peak = 2174.316 ; gain = 691.270 ; free physical = 803 ; free virtual = 6165
---------------------------------------------------------------------------------
---------------------------------------------------------------------------------
Start Technology Mapping
---------------------------------------------------------------------------------
---------------------------------------------------------------------------------
Finished Technology Mapping : Time (s): cpu = 00:00:10 ; elapsed = 00:00:10 . Memory (MB): peak = 2174.316 ; gain = 691.270 ; free physical = 786 ; free virtual = 6148
---------------------------------------------------------------------------------
---------------------------------------------------------------------------------
Start IO Insertion
---------------------------------------------------------------------------------
---------------------------------------------------------------------------------
Start Flattening Before IO Insertion
---------------------------------------------------------------------------------
---------------------------------------------------------------------------------
Finished Flattening Before IO Insertion
---------------------------------------------------------------------------------
---------------------------------------------------------------------------------
Start Final Netlist Cleanup
---------------------------------------------------------------------------------
---------------------------------------------------------------------------------
Finished Final Netlist Cleanup
---------------------------------------------------------------------------------
---------------------------------------------------------------------------------
Finished IO Insertion : Time (s): cpu = 00:00:11 ; elapsed = 00:00:11 . Memory (MB): peak = 2327.129 ; gain = 844.082 ; free physical = 1227 ; free virtual = 6621
---------------------------------------------------------------------------------
---------------------------------------------------------------------------------
Start Renaming Generated Instances
---------------------------------------------------------------------------------
---------------------------------------------------------------------------------
Finished Renaming Generated Instances : Time (s): cpu = 00:00:11 ; elapsed = 00:00:11 . Memory (MB): peak = 2327.129 ; gain = 844.082 ; free physical = 1227 ; free virtual = 6621
---------------------------------------------------------------------------------
---------------------------------------------------------------------------------
Start Rebuilding User Hierarchy
---------------------------------------------------------------------------------
---------------------------------------------------------------------------------
Finished Rebuilding User Hierarchy : Time (s): cpu = 00:00:11 ; elapsed = 00:00:11 . Memory (MB): peak = 2327.129 ; gain = 844.082 ; free physical = 1227 ; free virtual = 6621
---------------------------------------------------------------------------------
---------------------------------------------------------------------------------
Start Renaming Generated Ports
---------------------------------------------------------------------------------
---------------------------------------------------------------------------------
Finished Renaming Generated Ports : Time (s): cpu = 00:00:11 ; elapsed = 00:00:11 . Memory (MB): peak = 2327.129 ; gain = 844.082 ; free physical = 1227 ; free virtual = 6621
---------------------------------------------------------------------------------
---------------------------------------------------------------------------------
Start Handling Custom Attributes
---------------------------------------------------------------------------------
---------------------------------------------------------------------------------
Finished Handling Custom Attributes : Time (s): cpu = 00:00:11 ; elapsed = 00:00:11 . Memory (MB): peak = 2327.129 ; gain = 844.082 ; free physical = 1227 ; free virtual = 6621
---------------------------------------------------------------------------------
---------------------------------------------------------------------------------
Start Renaming Generated Nets
---------------------------------------------------------------------------------
---------------------------------------------------------------------------------
Finished Renaming Generated Nets : Time (s): cpu = 00:00:11 ; elapsed = 00:00:11 . Memory (MB): peak = 2327.129 ; gain = 844.082 ; free physical = 1227 ; free virtual = 6621
---------------------------------------------------------------------------------
---------------------------------------------------------------------------------
Start Writing Synthesis Report
---------------------------------------------------------------------------------

Report BlackBoxes: 
+-+--------------+----------+
| |BlackBox name |Instances |
+-+--------------+----------+
+-+--------------+----------+

Report Cell Usage: 
+------+-------+------+
|      |Cell   |Count |
+------+-------+------+
|1     |SRL16E |   128|
|2     |FDRE   |   256|
+------+-------+------+
---------------------------------------------------------------------------------
Finished Writing Synthesis Report : Time (s): cpu = 00:00:11 ; elapsed = 00:00:11 . Memory (MB): peak = 2327.129 ; gain = 844.082 ; free physical = 1227 ; free virtual = 6621
---------------------------------------------------------------------------------
Synthesis finished with 0 errors, 0 critical warnings and 11 warnings.
Synthesis Optimization Runtime : Time (s): cpu = 00:00:10 ; elapsed = 00:00:11 . Memory (MB): peak = 2327.129 ; gain = 690.332 ; free physical = 1227 ; free virtual = 6621
Synthesis Optimization Complete : Time (s): cpu = 00:00:11 ; elapsed = 00:00:11 . Memory (MB): peak = 2327.137 ; gain = 844.082 ; free physical = 1227 ; free virtual = 6621
INFO: [Project 1-571] Translating synthesized netlist
Netlist sorting complete. Time (s): cpu = 00:00:00 ; elapsed = 00:00:00 . Memory (MB): peak = 2327.137 ; gain = 0.000 ; free physical = 1237 ; free virtual = 6631
INFO: [Project 1-570] Preparing netlist for logic optimization
INFO: [Opt 31-138] Pushed 0 inverter(s) to 0 load pin(s).
Netlist sorting complete. Time (s): cpu = 00:00:00 ; elapsed = 00:00:00 . Memory (MB): peak = 2327.137 ; gain = 0.000 ; free physical = 1381 ; free virtual = 6778
INFO: [Project 1-111] Unisim Transformation Summary:
No Unisim elements were transformed.

Synth Design complete | Checksum: 2fc76cc8
INFO: [Common 17-83] Releasing license: Synthesis
17 Infos, 21 Warnings, 0 Critical Warnings and 0 Errors encountered.
synth_design completed successfully
synth_design: Time (s): cpu = 00:00:15 ; elapsed = 00:00:13 . Memory (MB): peak = 2327.137 ; gain = 852.094 ; free physical = 1381 ; free virtual = 6778
INFO: [Common 17-2834] synth_design peak Physical Memory [PSS] (MB): overall = 1617.466; main = 1531.631; forked = 267.024
INFO: [Common 17-2834] synth_design peak Virtual Memory [VSS] (MB): overall = 3099.113; main = 2327.133; forked = 924.793
Write ShapeDB Complete: Time (s): cpu = 00:00:00 ; elapsed = 00:00:00.01 . Memory (MB): peak = 2351.141 ; gain = 0.000 ; free physical = 1381 ; free virtual = 6778
INFO: [Common 17-1381] The checkpoint '/home/alhua/VivadoProject/Laynernorm/Laynernorm.runs/align_mul_synth_1/align_mul.dcp' has been generated.
INFO: [Coretcl 2-1648] Added synthesis output to IP cache for IP align_mul, cache-ID = 762b9ef19688b0b4
INFO: [Coretcl 2-1174] Renamed 3 cell refs.
Write ShapeDB Complete: Time (s): cpu = 00:00:00 ; elapsed = 00:00:00 . Memory (MB): peak = 2407.168 ; gain = 0.000 ; free physical = 1299 ; free virtual = 6714
INFO: [Common 17-1381] The checkpoint '/home/alhua/VivadoProject/Laynernorm/Laynernorm.runs/align_mul_synth_1/align_mul.dcp' has been generated.
INFO: [Vivado 12-24828] Executing command : report_utilization -file align_mul_utilization_synth.rpt -pb align_mul_utilization_synth.pb
INFO: [Common 17-206] Exiting Vivado at Wed Oct 29 16:25:35 2025...
