
*** Running vivado
    with args -log Layernorm_axis_broadcaster_top_0_0.vds -m64 -product Vivado -mode batch -messageDb vivado.pb -notrace -source Layernorm_axis_broadcaster_top_0_0.tcl


****** Vivado v2024.2 (64-bit)
  **** SW Build 5239630 on Fri Nov 08 22:34:34 MST 2024
  **** IP Build 5239520 on Sun Nov 10 16:12:51 MST 2024
  **** SharedData Build 5239561 on Fri Nov 08 14:39:27 MST 2024
  **** Start of session at: Thu Oct 30 19:37:57 2025
    ** Copyright 1986-2022 Xilinx, Inc. All Rights Reserved.
    ** Copyright 2022-2024 Advanced Micro Devices, Inc. All Rights Reserved.

source Layernorm_axis_broadcaster_top_0_0.tcl -notrace
INFO: [IP_Flow 19-234] Refreshing IP repositories
INFO: [IP_Flow 19-1704] No user IP repositories specified
INFO: [IP_Flow 19-2313] Loaded Vivado IP repository '/home/alhua/vivado/Vivado/2024.2/data/ip'.
Command: synth_design -top Layernorm_axis_broadcaster_top_0_0 -part xc7z010iclg225-1L -incremental_mode off -mode out_of_context
Starting synth_design
Attempting to get a license for feature 'Synthesis' and/or device 'xc7z010i'
INFO: [Common 17-349] Got license for feature 'Synthesis' and/or device 'xc7z010i'
INFO: [Device 21-403] Loading part xc7z010iclg225-1L
INFO: [Synth 8-7079] Multithreading enabled for synth_design using a maximum of 7 processes.
INFO: [Synth 8-7078] Launching helper process for spawning children vivado processes
INFO: [Synth 8-7075] Helper process launched with PID 13637
---------------------------------------------------------------------------------
Starting RTL Elaboration : Time (s): cpu = 00:00:02 ; elapsed = 00:00:02 . Memory (MB): peak = 1930.066 ; gain = 421.703 ; free physical = 1104 ; free virtual = 6151
---------------------------------------------------------------------------------
INFO: [Synth 8-6157] synthesizing module 'Layernorm_axis_broadcaster_top_0_0' [/home/alhua/VivadoProject/Laynernorm/Laynernorm.gen/sources_1/bd/Layernorm/ip/Layernorm_axis_broadcaster_top_0_0/synth/Layernorm_axis_broadcaster_top_0_0.v:53]
INFO: [Synth 8-6157] synthesizing module 'axis_broadcaster_top' [/home/alhua/VivadoProject/Laynernorm/Laynernorm.srcs/sources_1/new/axis_broadcaster_top.v:25]
INFO: [Synth 8-6157] synthesizing module 'axis_broadcaster_0' [/home/alhua/VivadoProject/Laynernorm/Laynernorm.runs/Layernorm_axis_broadcaster_top_0_0_synth_1/.Xil/Vivado-13406-Hua/realtime/axis_broadcaster_0_stub.v:6]
INFO: [Synth 8-6155] done synthesizing module 'axis_broadcaster_0' (0#1) [/home/alhua/VivadoProject/Laynernorm/Laynernorm.runs/Layernorm_axis_broadcaster_top_0_0_synth_1/.Xil/Vivado-13406-Hua/realtime/axis_broadcaster_0_stub.v:6]
INFO: [Synth 8-6155] done synthesizing module 'axis_broadcaster_top' (0#1) [/home/alhua/VivadoProject/Laynernorm/Laynernorm.srcs/sources_1/new/axis_broadcaster_top.v:25]
INFO: [Synth 8-6155] done synthesizing module 'Layernorm_axis_broadcaster_top_0_0' (0#1) [/home/alhua/VivadoProject/Laynernorm/Laynernorm.gen/sources_1/bd/Layernorm/ip/Layernorm_axis_broadcaster_top_0_0/synth/Layernorm_axis_broadcaster_top_0_0.v:53]
---------------------------------------------------------------------------------
Finished RTL Elaboration : Time (s): cpu = 00:00:03 ; elapsed = 00:00:03 . Memory (MB): peak = 2001.035 ; gain = 492.672 ; free physical = 842 ; free virtual = 5883
---------------------------------------------------------------------------------
---------------------------------------------------------------------------------
Start Handling Custom Attributes
---------------------------------------------------------------------------------
---------------------------------------------------------------------------------
Finished Handling Custom Attributes : Time (s): cpu = 00:00:03 ; elapsed = 00:00:03 . Memory (MB): peak = 2018.848 ; gain = 510.484 ; free physical = 841 ; free virtual = 5884
---------------------------------------------------------------------------------
---------------------------------------------------------------------------------
Finished RTL Optimization Phase 1 : Time (s): cpu = 00:00:03 ; elapsed = 00:00:03 . Memory (MB): peak = 2018.848 ; gain = 510.484 ; free physical = 841 ; free virtual = 5884
---------------------------------------------------------------------------------
Netlist sorting complete. Time (s): cpu = 00:00:00 ; elapsed = 00:00:00 . Memory (MB): peak = 2018.848 ; gain = 0.000 ; free physical = 852 ; free virtual = 5897
INFO: [Project 1-570] Preparing netlist for logic optimization

Processing XDC Constraints
Initializing timing engine
Parsing XDC File [/home/alhua/VivadoProject/Laynernorm/Laynernorm.gen/sources_1/ip/axis_broadcaster_0/axis_broadcaster_0/axis_broadcaster_0_in_context.xdc] for cell 'inst/u_brdcstip'
Finished Parsing XDC File [/home/alhua/VivadoProject/Laynernorm/Laynernorm.gen/sources_1/ip/axis_broadcaster_0/axis_broadcaster_0/axis_broadcaster_0_in_context.xdc] for cell 'inst/u_brdcstip'
WARNING: [Designutils 20-1758] instance inst wraps a black box. Constraint reading is skipped for elaborated designs in this case. Skipping constraint file '/home/alhua/VivadoProject/Laynernorm/Laynernorm.gen/sources_1/bd/Layernorm/ip/Layernorm_axis_broadcaster_top_0_0/Layernorm_axis_broadcaster_top_0_0_ooc.xdc'.
Parsing XDC File [/home/alhua/VivadoProject/Laynernorm/Laynernorm.runs/Layernorm_axis_broadcaster_top_0_0_synth_1/dont_touch.xdc]
Finished Parsing XDC File [/home/alhua/VivadoProject/Laynernorm/Laynernorm.runs/Layernorm_axis_broadcaster_top_0_0_synth_1/dont_touch.xdc]
Completed Processing XDC Constraints

Netlist sorting complete. Time (s): cpu = 00:00:00 ; elapsed = 00:00:00 . Memory (MB): peak = 2067.773 ; gain = 0.000 ; free physical = 856 ; free virtual = 5899
INFO: [Project 1-111] Unisim Transformation Summary:
No Unisim elements were transformed.

Constraint Validation Runtime : Time (s): cpu = 00:00:00.01 ; elapsed = 00:00:00 . Memory (MB): peak = 2067.773 ; gain = 0.000 ; free physical = 856 ; free virtual = 5899
INFO: [Designutils 20-5008] Incremental synthesis strategy off
---------------------------------------------------------------------------------
Finished Constraint Validation : Time (s): cpu = 00:00:06 ; elapsed = 00:00:06 . Memory (MB): peak = 2067.773 ; gain = 559.410 ; free physical = 866 ; free virtual = 5988
---------------------------------------------------------------------------------
---------------------------------------------------------------------------------
Start Loading Part and Timing Information
---------------------------------------------------------------------------------
Loading part: xc7z010iclg225-1L
---------------------------------------------------------------------------------
Finished Loading Part and Timing Information : Time (s): cpu = 00:00:06 ; elapsed = 00:00:06 . Memory (MB): peak = 2075.777 ; gain = 567.414 ; free physical = 866 ; free virtual = 5988
---------------------------------------------------------------------------------
---------------------------------------------------------------------------------
Start Applying 'set_property' XDC Constraints
---------------------------------------------------------------------------------
Applied set_property KEEP_HIERARCHY = SOFT for inst. (constraint file  /home/alhua/VivadoProject/Laynernorm/Laynernorm.runs/Layernorm_axis_broadcaster_top_0_0_synth_1/dont_touch.xdc, line 9).
Applied set_property KEEP_HIERARCHY = SOFT for inst/u_brdcstip. (constraint file  auto generated constraint).
---------------------------------------------------------------------------------
Finished applying 'set_property' XDC Constraints : Time (s): cpu = 00:00:06 ; elapsed = 00:00:06 . Memory (MB): peak = 2075.777 ; gain = 567.414 ; free physical = 866 ; free virtual = 5988
---------------------------------------------------------------------------------
---------------------------------------------------------------------------------
Finished RTL Optimization Phase 2 : Time (s): cpu = 00:00:06 ; elapsed = 00:00:06 . Memory (MB): peak = 2075.777 ; gain = 567.414 ; free physical = 866 ; free virtual = 5989
---------------------------------------------------------------------------------
---------------------------------------------------------------------------------
Start RTL Component Statistics 
---------------------------------------------------------------------------------
Detailed RTL Component Info : 
---------------------------------------------------------------------------------
Finished RTL Component Statistics 
---------------------------------------------------------------------------------
---------------------------------------------------------------------------------
Start Part Resource Summary
---------------------------------------------------------------------------------
Part Resources:
DSPs: 80 (col length:40)
BRAMs: 120 (col length: RAMB18 40 RAMB36 20)
---------------------------------------------------------------------------------
Finished Part Resource Summary
---------------------------------------------------------------------------------
---------------------------------------------------------------------------------
Start Cross Boundary and Area Optimization
---------------------------------------------------------------------------------
WARNING: [Synth 8-7080] Parallel synthesis criteria is not met
---------------------------------------------------------------------------------
Finished Cross Boundary and Area Optimization : Time (s): cpu = 00:00:07 ; elapsed = 00:00:07 . Memory (MB): peak = 2075.777 ; gain = 567.414 ; free physical = 950 ; free virtual = 5988
---------------------------------------------------------------------------------
---------------------------------------------------------------------------------
Start Applying XDC Timing Constraints
---------------------------------------------------------------------------------
---------------------------------------------------------------------------------
Finished Applying XDC Timing Constraints : Time (s): cpu = 00:00:09 ; elapsed = 00:00:09 . Memory (MB): peak = 2145.777 ; gain = 637.414 ; free physical = 827 ; free virtual = 5852
---------------------------------------------------------------------------------
---------------------------------------------------------------------------------
Start Timing Optimization
---------------------------------------------------------------------------------
---------------------------------------------------------------------------------
Finished Timing Optimization : Time (s): cpu = 00:00:09 ; elapsed = 00:00:09 . Memory (MB): peak = 2146.777 ; gain = 638.414 ; free physical = 822 ; free virtual = 5848
---------------------------------------------------------------------------------
---------------------------------------------------------------------------------
Start Technology Mapping
---------------------------------------------------------------------------------
---------------------------------------------------------------------------------
Finished Technology Mapping : Time (s): cpu = 00:00:09 ; elapsed = 00:00:09 . Memory (MB): peak = 2155.793 ; gain = 647.430 ; free physical = 813 ; free virtual = 5839
---------------------------------------------------------------------------------
---------------------------------------------------------------------------------
Start IO Insertion
---------------------------------------------------------------------------------
---------------------------------------------------------------------------------
Start Flattening Before IO Insertion
---------------------------------------------------------------------------------
---------------------------------------------------------------------------------
Finished Flattening Before IO Insertion
---------------------------------------------------------------------------------
---------------------------------------------------------------------------------
Start Final Netlist Cleanup
---------------------------------------------------------------------------------
---------------------------------------------------------------------------------
Finished Final Netlist Cleanup
---------------------------------------------------------------------------------
---------------------------------------------------------------------------------
Finished IO Insertion : Time (s): cpu = 00:00:11 ; elapsed = 00:00:11 . Memory (MB): peak = 2325.605 ; gain = 817.242 ; free physical = 321 ; free virtual = 5347
---------------------------------------------------------------------------------
---------------------------------------------------------------------------------
Start Renaming Generated Instances
---------------------------------------------------------------------------------
---------------------------------------------------------------------------------
Finished Renaming Generated Instances : Time (s): cpu = 00:00:11 ; elapsed = 00:00:11 . Memory (MB): peak = 2325.605 ; gain = 817.242 ; free physical = 321 ; free virtual = 5347
---------------------------------------------------------------------------------
---------------------------------------------------------------------------------
Start Rebuilding User Hierarchy
---------------------------------------------------------------------------------
---------------------------------------------------------------------------------
Finished Rebuilding User Hierarchy : Time (s): cpu = 00:00:11 ; elapsed = 00:00:11 . Memory (MB): peak = 2325.605 ; gain = 817.242 ; free physical = 321 ; free virtual = 5347
---------------------------------------------------------------------------------
---------------------------------------------------------------------------------
Start Renaming Generated Ports
---------------------------------------------------------------------------------
---------------------------------------------------------------------------------
Finished Renaming Generated Ports : Time (s): cpu = 00:00:11 ; elapsed = 00:00:11 . Memory (MB): peak = 2325.605 ; gain = 817.242 ; free physical = 321 ; free virtual = 5347
---------------------------------------------------------------------------------
---------------------------------------------------------------------------------
Start Handling Custom Attributes
---------------------------------------------------------------------------------
---------------------------------------------------------------------------------
Finished Handling Custom Attributes : Time (s): cpu = 00:00:11 ; elapsed = 00:00:11 . Memory (MB): peak = 2325.605 ; gain = 817.242 ; free physical = 321 ; free virtual = 5347
---------------------------------------------------------------------------------
---------------------------------------------------------------------------------
Start Renaming Generated Nets
---------------------------------------------------------------------------------
---------------------------------------------------------------------------------
Finished Renaming Generated Nets : Time (s): cpu = 00:00:11 ; elapsed = 00:00:11 . Memory (MB): peak = 2325.605 ; gain = 817.242 ; free physical = 319 ; free virtual = 5345
---------------------------------------------------------------------------------
---------------------------------------------------------------------------------
Start Writing Synthesis Report
---------------------------------------------------------------------------------

Report BlackBoxes: 
+------+-------------------+----------+
|      |BlackBox name      |Instances |
+------+-------------------+----------+
|1     |axis_broadcaster_0 |         1|
+------+-------------------+----------+

Report Cell Usage: 
+------+-----------------+------+
|      |Cell             |Count |
+------+-----------------+------+
|1     |axis_broadcaster |     1|
+------+-----------------+------+
---------------------------------------------------------------------------------
Finished Writing Synthesis Report : Time (s): cpu = 00:00:11 ; elapsed = 00:00:11 . Memory (MB): peak = 2325.605 ; gain = 817.242 ; free physical = 319 ; free virtual = 5345
---------------------------------------------------------------------------------
Synthesis finished with 0 errors, 0 critical warnings and 1 warnings.
Synthesis Optimization Runtime : Time (s): cpu = 00:00:10 ; elapsed = 00:00:11 . Memory (MB): peak = 2325.605 ; gain = 768.316 ; free physical = 319 ; free virtual = 5345
Synthesis Optimization Complete : Time (s): cpu = 00:00:11 ; elapsed = 00:00:11 . Memory (MB): peak = 2325.613 ; gain = 817.242 ; free physical = 319 ; free virtual = 5345
INFO: [Project 1-571] Translating synthesized netlist
Netlist sorting complete. Time (s): cpu = 00:00:00 ; elapsed = 00:00:00 . Memory (MB): peak = 2325.613 ; gain = 0.000 ; free physical = 315 ; free virtual = 5341
INFO: [Project 1-570] Preparing netlist for logic optimization
INFO: [Opt 31-138] Pushed 0 inverter(s) to 0 load pin(s).
Netlist sorting complete. Time (s): cpu = 00:00:00 ; elapsed = 00:00:00 . Memory (MB): peak = 2325.613 ; gain = 0.000 ; free physical = 806 ; free virtual = 5832
INFO: [Project 1-111] Unisim Transformation Summary:
No Unisim elements were transformed.

Synth Design complete | Checksum: 1cb7e57
INFO: [Common 17-83] Releasing license: Synthesis
22 Infos, 2 Warnings, 0 Critical Warnings and 0 Errors encountered.
synth_design completed successfully
synth_design: Time (s): cpu = 00:00:16 ; elapsed = 00:00:14 . Memory (MB): peak = 2325.613 ; gain = 883.922 ; free physical = 806 ; free virtual = 5832
INFO: [Common 17-2834] synth_design peak Physical Memory [PSS] (MB): overall = 1473.220; main = 1380.769; forked = 208.752
INFO: [Common 17-2834] synth_design peak Virtual Memory [VSS] (MB): overall = 3137.586; main = 2325.609; forked = 924.789
INFO: [Coretcl 2-1174] Renamed 2 cell refs.
INFO: [Common 17-1381] The checkpoint '/home/alhua/VivadoProject/Laynernorm/Laynernorm.runs/Layernorm_axis_broadcaster_top_0_0_synth_1/Layernorm_axis_broadcaster_top_0_0.dcp' has been generated.
INFO: [Vivado 12-24828] Executing command : report_utilization -file Layernorm_axis_broadcaster_top_0_0_utilization_synth.rpt -pb Layernorm_axis_broadcaster_top_0_0_utilization_synth.pb
INFO: [Common 17-206] Exiting Vivado at Thu Oct 30 19:38:14 2025...
